<?xml version="1.0" encoding="UTF-8"?>
<testng-results total="12" passed="3" failed="9" skipped="0">
  <reporter-output>
  </reporter-output>
  <suite started-at="2021-08-04T00:57:09Z" name="Suite" finished-at="2021-08-04T00:57:34Z" duration-ms="24701">
    <groups>
    </groups>
    <test started-at="2021-08-04T00:57:09Z" name="Test" finished-at="2021-08-04T00:57:34Z" duration-ms="24701">
      <class name="Screening.Ensek.BuyElectricityTest">
        <test-method is-config="true" signature="initialize()[pri:0, instance:Screening.Ensek.BuyElectricityTest@55c53a33]" started-at="2021-08-04T10:57:09Z" name="initialize" finished-at="2021-08-04T10:57:15Z" duration-ms="6516" status="PASS">
          <reporter-output>
          </reporter-output>
        </test-method> <!-- initialize -->
        <test-method is-config="true" signature="initialize()[pri:0, instance:Screening.Ensek.BuyGasTest@1e81f160]" started-at="2021-08-04T10:57:15Z" name="initialize" finished-at="2021-08-04T10:57:19Z" duration-ms="4145" status="PASS">
          <reporter-output>
          </reporter-output>
        </test-method> <!-- initialize -->
        <test-method is-config="true" signature="initialize()[pri:0, instance:Screening.Ensek.BuyOilTest@404bbcbd]" started-at="2021-08-04T10:57:19Z" name="initialize" finished-at="2021-08-04T10:57:24Z" duration-ms="4816" status="PASS">
          <reporter-output>
          </reporter-output>
        </test-method> <!-- initialize -->
        <test-method signature="buyEnergyTest(java.lang.String)[pri:0, instance:Screening.Ensek.BuyElectricityTest@55c53a33]" started-at="2021-08-04T10:57:24Z" name="buyEnergyTest" data-provider="quantity-data-provider" finished-at="2021-08-04T10:57:27Z" duration-ms="3108" status="PASS">
          <params>
            <param index="0">
              <value>
                <![CDATA[4000]]>
              </value>
            </param>
          </params>
          <reporter-output>
          </reporter-output>
        </test-method> <!-- buyEnergyTest -->
        <test-method signature="buyEnergyTest(java.lang.String)[pri:0, instance:Screening.Ensek.BuyElectricityTest@55c53a33]" started-at="2021-08-04T10:57:27Z" name="buyEnergyTest" data-provider="quantity-data-provider" finished-at="2021-08-04T10:57:28Z" duration-ms="66" status="FAIL">
          <params>
            <param index="0">
              <value>
                <![CDATA[5000]]>
              </value>
            </param>
          </params>
          <exception class="java.lang.AssertionError">
            <message>
              <![CDATA[Enter valid quantity]]>
            </message>
            <full-stacktrace>
              <![CDATA[java.lang.AssertionError: Enter valid quantity
	at org.testng.Assert.fail(Assert.java:94)
	at Screening.Ensek.BuyElectricityTest.buyEnergyTest(BuyElectricityTest.java:50)
	at java.base/jdk.internal.reflect.NativeMethodAccessorImpl.invoke0(Native Method)
	at java.base/jdk.internal.reflect.NativeMethodAccessorImpl.invoke(NativeMethodAccessorImpl.java:64)
	at java.base/jdk.internal.reflect.DelegatingMethodAccessorImpl.invoke(DelegatingMethodAccessorImpl.java:43)
	at java.base/java.lang.reflect.Method.invoke(Method.java:564)
	at org.testng.internal.MethodInvocationHelper.invokeMethod(MethodInvocationHelper.java:80)
	at org.testng.internal.Invoker.invokeMethod(Invoker.java:714)
	at org.testng.internal.Invoker.invokeTestMethod(Invoker.java:901)
	at org.testng.internal.Invoker.invokeTestMethods(Invoker.java:1231)
	at org.testng.internal.TestMethodWorker.invokeTestMethods(TestMethodWorker.java:127)
	at org.testng.internal.TestMethodWorker.run(TestMethodWorker.java:111)
	at java.base/java.util.concurrent.ThreadPoolExecutor.runWorker(ThreadPoolExecutor.java:1130)
	at java.base/java.util.concurrent.ThreadPoolExecutor$Worker.run(ThreadPoolExecutor.java:630)
	at java.base/java.lang.Thread.run(Thread.java:832)
]]>
            </full-stacktrace>
          </exception> <!-- java.lang.AssertionError -->
          <reporter-output>
          </reporter-output>
        </test-method> <!-- buyEnergyTest -->
        <test-method signature="buyEnergyTest(java.lang.String)[pri:0, instance:Screening.Ensek.BuyElectricityTest@55c53a33]" started-at="2021-08-04T10:57:28Z" name="buyEnergyTest" data-provider="quantity-data-provider" finished-at="2021-08-04T10:57:28Z" duration-ms="47" status="FAIL">
          <params>
            <param index="0">
              <value>
                <![CDATA[0]]>
              </value>
            </param>
          </params>
          <exception class="java.lang.AssertionError">
            <message>
              <![CDATA[Enter valid quantity]]>
            </message>
            <full-stacktrace>
              <![CDATA[java.lang.AssertionError: Enter valid quantity
	at org.testng.Assert.fail(Assert.java:94)
	at Screening.Ensek.BuyElectricityTest.buyEnergyTest(BuyElectricityTest.java:50)
	at java.base/jdk.internal.reflect.NativeMethodAccessorImpl.invoke0(Native Method)
	at java.base/jdk.internal.reflect.NativeMethodAccessorImpl.invoke(NativeMethodAccessorImpl.java:64)
	at java.base/jdk.internal.reflect.DelegatingMethodAccessorImpl.invoke(DelegatingMethodAccessorImpl.java:43)
	at java.base/java.lang.reflect.Method.invoke(Method.java:564)
	at org.testng.internal.MethodInvocationHelper.invokeMethod(MethodInvocationHelper.java:80)
	at org.testng.internal.Invoker.invokeMethod(Invoker.java:714)
	at org.testng.internal.Invoker.invokeTestMethod(Invoker.java:901)
	at org.testng.internal.Invoker.invokeTestMethods(Invoker.java:1231)
	at org.testng.internal.TestMethodWorker.invokeTestMethods(TestMethodWorker.java:127)
	at org.testng.internal.TestMethodWorker.run(TestMethodWorker.java:111)
	at java.base/java.util.concurrent.ThreadPoolExecutor.runWorker(ThreadPoolExecutor.java:1130)
	at java.base/java.util.concurrent.ThreadPoolExecutor$Worker.run(ThreadPoolExecutor.java:630)
	at java.base/java.lang.Thread.run(Thread.java:832)
]]>
            </full-stacktrace>
          </exception> <!-- java.lang.AssertionError -->
          <reporter-output>
          </reporter-output>
        </test-method> <!-- buyEnergyTest -->
        <test-method signature="buyEnergyTest(java.lang.String)[pri:0, instance:Screening.Ensek.BuyElectricityTest@55c53a33]" started-at="2021-08-04T10:57:28Z" name="buyEnergyTest" data-provider="quantity-data-provider" finished-at="2021-08-04T10:57:28Z" duration-ms="41" status="FAIL">
          <params>
            <param index="0">
              <value>
                <![CDATA[-1]]>
              </value>
            </param>
          </params>
          <exception class="java.lang.AssertionError">
            <message>
              <![CDATA[Enter valid quantity]]>
            </message>
            <full-stacktrace>
              <![CDATA[java.lang.AssertionError: Enter valid quantity
	at org.testng.Assert.fail(Assert.java:94)
	at Screening.Ensek.BuyElectricityTest.buyEnergyTest(BuyElectricityTest.java:50)
	at java.base/jdk.internal.reflect.NativeMethodAccessorImpl.invoke0(Native Method)
	at java.base/jdk.internal.reflect.NativeMethodAccessorImpl.invoke(NativeMethodAccessorImpl.java:64)
	at java.base/jdk.internal.reflect.DelegatingMethodAccessorImpl.invoke(DelegatingMethodAccessorImpl.java:43)
	at java.base/java.lang.reflect.Method.invoke(Method.java:564)
	at org.testng.internal.MethodInvocationHelper.invokeMethod(MethodInvocationHelper.java:80)
	at org.testng.internal.Invoker.invokeMethod(Invoker.java:714)
	at org.testng.internal.Invoker.invokeTestMethod(Invoker.java:901)
	at org.testng.internal.Invoker.invokeTestMethods(Invoker.java:1231)
	at org.testng.internal.TestMethodWorker.invokeTestMethods(TestMethodWorker.java:127)
	at org.testng.internal.TestMethodWorker.run(TestMethodWorker.java:111)
	at java.base/java.util.concurrent.ThreadPoolExecutor.runWorker(ThreadPoolExecutor.java:1130)
	at java.base/java.util.concurrent.ThreadPoolExecutor$Worker.run(ThreadPoolExecutor.java:630)
	at java.base/java.lang.Thread.run(Thread.java:832)
]]>
            </full-stacktrace>
          </exception> <!-- java.lang.AssertionError -->
          <reporter-output>
          </reporter-output>
        </test-method> <!-- buyEnergyTest -->
        <test-method is-config="true" signature="browserClose()[pri:0, instance:Screening.Ensek.BuyElectricityTest@55c53a33]" started-at="2021-08-04T10:57:28Z" name="browserClose" finished-at="2021-08-04T10:57:29Z" duration-ms="1095" status="PASS">
          <reporter-output>
          </reporter-output>
        </test-method> <!-- browserClose -->
        <test-method is-config="true" signature="browserClose()[pri:0, instance:Screening.Ensek.BuyGasTest@1e81f160]" started-at="2021-08-04T10:57:29Z" name="browserClose" finished-at="2021-08-04T10:57:33Z" duration-ms="4139" status="PASS">
          <reporter-output>
          </reporter-output>
        </test-method> <!-- browserClose -->
        <test-method is-config="true" signature="browserClose()[pri:0, instance:Screening.Ensek.BuyOilTest@404bbcbd]" started-at="2021-08-04T10:57:33Z" name="browserClose" finished-at="2021-08-04T10:57:34Z" duration-ms="141" status="PASS">
          <reporter-output>
          </reporter-output>
        </test-method> <!-- browserClose -->
      </class> <!-- Screening.Ensek.BuyElectricityTest -->
      <class name="Screening.Ensek.BuyOilTest">
        <test-method signature="buyEnergyTest(java.lang.String)[pri:0, instance:Screening.Ensek.BuyOilTest@404bbcbd]" started-at="2021-08-04T10:57:24Z" name="buyEnergyTest" data-provider="quantity-data-provider" finished-at="2021-08-04T10:57:24Z" duration-ms="122" status="FAIL">
          <params>
            <param index="0">
              <value>
                <![CDATA[0]]>
              </value>
            </param>
          </params>
          <exception class="java.lang.AssertionError">
            <message>
              <![CDATA[Enter valid quantity]]>
            </message>
            <full-stacktrace>
              <![CDATA[java.lang.AssertionError: Enter valid quantity
	at org.testng.Assert.fail(Assert.java:94)
	at Screening.Ensek.BuyOilTest.buyEnergyTest(BuyOilTest.java:46)
	at java.base/jdk.internal.reflect.NativeMethodAccessorImpl.invoke0(Native Method)
	at java.base/jdk.internal.reflect.NativeMethodAccessorImpl.invoke(NativeMethodAccessorImpl.java:64)
	at java.base/jdk.internal.reflect.DelegatingMethodAccessorImpl.invoke(DelegatingMethodAccessorImpl.java:43)
	at java.base/java.lang.reflect.Method.invoke(Method.java:564)
	at org.testng.internal.MethodInvocationHelper.invokeMethod(MethodInvocationHelper.java:80)
	at org.testng.internal.Invoker.invokeMethod(Invoker.java:714)
	at org.testng.internal.Invoker.invokeTestMethod(Invoker.java:901)
	at org.testng.internal.Invoker.invokeTestMethods(Invoker.java:1231)
	at org.testng.internal.TestMethodWorker.invokeTestMethods(TestMethodWorker.java:127)
	at org.testng.internal.TestMethodWorker.run(TestMethodWorker.java:111)
	at java.base/java.util.concurrent.ThreadPoolExecutor.runWorker(ThreadPoolExecutor.java:1130)
	at java.base/java.util.concurrent.ThreadPoolExecutor$Worker.run(ThreadPoolExecutor.java:630)
	at java.base/java.lang.Thread.run(Thread.java:832)
]]>
            </full-stacktrace>
          </exception> <!-- java.lang.AssertionError -->
          <reporter-output>
          </reporter-output>
        </test-method> <!-- buyEnergyTest -->
        <test-method signature="buyEnergyTest(java.lang.String)[pri:0, instance:Screening.Ensek.BuyOilTest@404bbcbd]" started-at="2021-08-04T10:57:24Z" name="buyEnergyTest" data-provider="quantity-data-provider" finished-at="2021-08-04T10:57:27Z" duration-ms="2479" status="PASS">
          <params>
            <param index="0">
              <value>
                <![CDATA[1]]>
              </value>
            </param>
          </params>
          <reporter-output>
          </reporter-output>
        </test-method> <!-- buyEnergyTest -->
        <test-method signature="buyEnergyTest(java.lang.String)[pri:0, instance:Screening.Ensek.BuyOilTest@404bbcbd]" started-at="2021-08-04T10:57:27Z" name="buyEnergyTest" data-provider="quantity-data-provider" finished-at="2021-08-04T10:57:27Z" duration-ms="122" status="FAIL">
          <params>
            <param index="0">
              <value>
                <![CDATA[30]]>
              </value>
            </param>
          </params>
          <exception class="java.lang.AssertionError">
            <message>
              <![CDATA[Enter valid quantity]]>
            </message>
            <full-stacktrace>
              <![CDATA[java.lang.AssertionError: Enter valid quantity
	at org.testng.Assert.fail(Assert.java:94)
	at Screening.Ensek.BuyOilTest.buyEnergyTest(BuyOilTest.java:46)
	at java.base/jdk.internal.reflect.NativeMethodAccessorImpl.invoke0(Native Method)
	at java.base/jdk.internal.reflect.NativeMethodAccessorImpl.invoke(NativeMethodAccessorImpl.java:64)
	at java.base/jdk.internal.reflect.DelegatingMethodAccessorImpl.invoke(DelegatingMethodAccessorImpl.java:43)
	at java.base/java.lang.reflect.Method.invoke(Method.java:564)
	at org.testng.internal.MethodInvocationHelper.invokeMethod(MethodInvocationHelper.java:80)
	at org.testng.internal.Invoker.invokeMethod(Invoker.java:714)
	at org.testng.internal.Invoker.invokeTestMethod(Invoker.java:901)
	at org.testng.internal.Invoker.invokeTestMethods(Invoker.java:1231)
	at org.testng.internal.TestMethodWorker.invokeTestMethods(TestMethodWorker.java:127)
	at org.testng.internal.TestMethodWorker.run(TestMethodWorker.java:111)
	at java.base/java.util.concurrent.ThreadPoolExecutor.runWorker(ThreadPoolExecutor.java:1130)
	at java.base/java.util.concurrent.ThreadPoolExecutor$Worker.run(ThreadPoolExecutor.java:630)
	at java.base/java.lang.Thread.run(Thread.java:832)
]]>
            </full-stacktrace>
          </exception> <!-- java.lang.AssertionError -->
          <reporter-output>
          </reporter-output>
        </test-method> <!-- buyEnergyTest -->
        <test-method signature="buyEnergyTest(java.lang.String)[pri:0, instance:Screening.Ensek.BuyOilTest@404bbcbd]" started-at="2021-08-04T10:57:27Z" name="buyEnergyTest" data-provider="quantity-data-provider" finished-at="2021-08-04T10:57:27Z" duration-ms="62" status="FAIL">
          <params>
            <param index="0">
              <value>
                <![CDATA[-1]]>
              </value>
            </param>
          </params>
          <exception class="java.lang.AssertionError">
            <message>
              <![CDATA[Enter valid quantity]]>
            </message>
            <full-stacktrace>
              <![CDATA[java.lang.AssertionError: Enter valid quantity
	at org.testng.Assert.fail(Assert.java:94)
	at Screening.Ensek.BuyOilTest.buyEnergyTest(BuyOilTest.java:46)
	at java.base/jdk.internal.reflect.NativeMethodAccessorImpl.invoke0(Native Method)
	at java.base/jdk.internal.reflect.NativeMethodAccessorImpl.invoke(NativeMethodAccessorImpl.java:64)
	at java.base/jdk.internal.reflect.DelegatingMethodAccessorImpl.invoke(DelegatingMethodAccessorImpl.java:43)
	at java.base/java.lang.reflect.Method.invoke(Method.java:564)
	at org.testng.internal.MethodInvocationHelper.invokeMethod(MethodInvocationHelper.java:80)
	at org.testng.internal.Invoker.invokeMethod(Invoker.java:714)
	at org.testng.internal.Invoker.invokeTestMethod(Invoker.java:901)
	at org.testng.internal.Invoker.invokeTestMethods(Invoker.java:1231)
	at org.testng.internal.TestMethodWorker.invokeTestMethods(TestMethodWorker.java:127)
	at org.testng.internal.TestMethodWorker.run(TestMethodWorker.java:111)
	at java.base/java.util.concurrent.ThreadPoolExecutor.runWorker(ThreadPoolExecutor.java:1130)
	at java.base/java.util.concurrent.ThreadPoolExecutor$Worker.run(ThreadPoolExecutor.java:630)
	at java.base/java.lang.Thread.run(Thread.java:832)
]]>
            </full-stacktrace>
          </exception> <!-- java.lang.AssertionError -->
          <reporter-output>
          </reporter-output>
        </test-method> <!-- buyEnergyTest -->
      </class> <!-- Screening.Ensek.BuyOilTest -->
      <class name="Screening.Ensek.BuyGasTest">
        <test-method signature="buyEnergyTest(java.lang.String)[pri:0, instance:Screening.Ensek.BuyGasTest@1e81f160]" started-at="2021-08-04T10:57:24Z" name="buyEnergyTest" data-provider="quantity-data-provider" finished-at="2021-08-04T10:57:28Z" duration-ms="3722" status="PASS">
          <params>
            <param index="0">
              <value>
                <![CDATA[2000]]>
              </value>
            </param>
          </params>
          <reporter-output>
          </reporter-output>
        </test-method> <!-- buyEnergyTest -->
        <test-method signature="buyEnergyTest(java.lang.String)[pri:0, instance:Screening.Ensek.BuyGasTest@1e81f160]" started-at="2021-08-04T10:57:28Z" name="buyEnergyTest" data-provider="quantity-data-provider" finished-at="2021-08-04T10:57:28Z" duration-ms="51" status="FAIL">
          <params>
            <param index="0">
              <value>
                <![CDATA[4000]]>
              </value>
            </param>
          </params>
          <exception class="java.lang.AssertionError">
            <message>
              <![CDATA[Enter valid quantity]]>
            </message>
            <full-stacktrace>
              <![CDATA[java.lang.AssertionError: Enter valid quantity
	at org.testng.Assert.fail(Assert.java:94)
	at Screening.Ensek.BuyGasTest.buyEnergyTest(BuyGasTest.java:54)
	at java.base/jdk.internal.reflect.NativeMethodAccessorImpl.invoke0(Native Method)
	at java.base/jdk.internal.reflect.NativeMethodAccessorImpl.invoke(NativeMethodAccessorImpl.java:64)
	at java.base/jdk.internal.reflect.DelegatingMethodAccessorImpl.invoke(DelegatingMethodAccessorImpl.java:43)
	at java.base/java.lang.reflect.Method.invoke(Method.java:564)
	at org.testng.internal.MethodInvocationHelper.invokeMethod(MethodInvocationHelper.java:80)
	at org.testng.internal.Invoker.invokeMethod(Invoker.java:714)
	at org.testng.internal.Invoker.invokeTestMethod(Invoker.java:901)
	at org.testng.internal.Invoker.invokeTestMethods(Invoker.java:1231)
	at org.testng.internal.TestMethodWorker.invokeTestMethods(TestMethodWorker.java:127)
	at org.testng.internal.TestMethodWorker.run(TestMethodWorker.java:111)
	at java.base/java.util.concurrent.ThreadPoolExecutor.runWorker(ThreadPoolExecutor.java:1130)
	at java.base/java.util.concurrent.ThreadPoolExecutor$Worker.run(ThreadPoolExecutor.java:630)
	at java.base/java.lang.Thread.run(Thread.java:832)
]]>
            </full-stacktrace>
          </exception> <!-- java.lang.AssertionError -->
          <reporter-output>
          </reporter-output>
        </test-method> <!-- buyEnergyTest -->
        <test-method signature="buyEnergyTest(java.lang.String)[pri:0, instance:Screening.Ensek.BuyGasTest@1e81f160]" started-at="2021-08-04T10:57:28Z" name="buyEnergyTest" data-provider="quantity-data-provider" finished-at="2021-08-04T10:57:28Z" duration-ms="20" status="FAIL">
          <params>
            <param index="0">
              <value>
                <![CDATA[0]]>
              </value>
            </param>
          </params>
          <exception class="java.lang.AssertionError">
            <message>
              <![CDATA[Enter valid quantity]]>
            </message>
            <full-stacktrace>
              <![CDATA[java.lang.AssertionError: Enter valid quantity
	at org.testng.Assert.fail(Assert.java:94)
	at Screening.Ensek.BuyGasTest.buyEnergyTest(BuyGasTest.java:54)
	at java.base/jdk.internal.reflect.NativeMethodAccessorImpl.invoke0(Native Method)
	at java.base/jdk.internal.reflect.NativeMethodAccessorImpl.invoke(NativeMethodAccessorImpl.java:64)
	at java.base/jdk.internal.reflect.DelegatingMethodAccessorImpl.invoke(DelegatingMethodAccessorImpl.java:43)
	at java.base/java.lang.reflect.Method.invoke(Method.java:564)
	at org.testng.internal.MethodInvocationHelper.invokeMethod(MethodInvocationHelper.java:80)
	at org.testng.internal.Invoker.invokeMethod(Invoker.java:714)
	at org.testng.internal.Invoker.invokeTestMethod(Invoker.java:901)
	at org.testng.internal.Invoker.invokeTestMethods(Invoker.java:1231)
	at org.testng.internal.TestMethodWorker.invokeTestMethods(TestMethodWorker.java:127)
	at org.testng.internal.TestMethodWorker.run(TestMethodWorker.java:111)
	at java.base/java.util.concurrent.ThreadPoolExecutor.runWorker(ThreadPoolExecutor.java:1130)
	at java.base/java.util.concurrent.ThreadPoolExecutor$Worker.run(ThreadPoolExecutor.java:630)
	at java.base/java.lang.Thread.run(Thread.java:832)
]]>
            </full-stacktrace>
          </exception> <!-- java.lang.AssertionError -->
          <reporter-output>
          </reporter-output>
        </test-method> <!-- buyEnergyTest -->
        <test-method signature="buyEnergyTest(java.lang.String)[pri:0, instance:Screening.Ensek.BuyGasTest@1e81f160]" started-at="2021-08-04T10:57:28Z" name="buyEnergyTest" data-provider="quantity-data-provider" finished-at="2021-08-04T10:57:28Z" duration-ms="24" status="FAIL">
          <params>
            <param index="0">
              <value>
                <![CDATA[-1]]>
              </value>
            </param>
          </params>
          <exception class="java.lang.AssertionError">
            <message>
              <![CDATA[Enter valid quantity]]>
            </message>
            <full-stacktrace>
              <![CDATA[java.lang.AssertionError: Enter valid quantity
	at org.testng.Assert.fail(Assert.java:94)
	at Screening.Ensek.BuyGasTest.buyEnergyTest(BuyGasTest.java:54)
	at java.base/jdk.internal.reflect.NativeMethodAccessorImpl.invoke0(Native Method)
	at java.base/jdk.internal.reflect.NativeMethodAccessorImpl.invoke(NativeMethodAccessorImpl.java:64)
	at java.base/jdk.internal.reflect.DelegatingMethodAccessorImpl.invoke(DelegatingMethodAccessorImpl.java:43)
	at java.base/java.lang.reflect.Method.invoke(Method.java:564)
	at org.testng.internal.MethodInvocationHelper.invokeMethod(MethodInvocationHelper.java:80)
	at org.testng.internal.Invoker.invokeMethod(Invoker.java:714)
	at org.testng.internal.Invoker.invokeTestMethod(Invoker.java:901)
	at org.testng.internal.Invoker.invokeTestMethods(Invoker.java:1231)
	at org.testng.internal.TestMethodWorker.invokeTestMethods(TestMethodWorker.java:127)
	at org.testng.internal.TestMethodWorker.run(TestMethodWorker.java:111)
	at java.base/java.util.concurrent.ThreadPoolExecutor.runWorker(ThreadPoolExecutor.java:1130)
	at java.base/java.util.concurrent.ThreadPoolExecutor$Worker.run(ThreadPoolExecutor.java:630)
	at java.base/java.lang.Thread.run(Thread.java:832)
]]>
            </full-stacktrace>
          </exception> <!-- java.lang.AssertionError -->
          <reporter-output>
          </reporter-output>
        </test-method> <!-- buyEnergyTest -->
      </class> <!-- Screening.Ensek.BuyGasTest -->
    </test> <!-- Test -->
  </suite> <!-- Suite -->
</testng-results>
