<?xml version="1.0" encoding="UTF-8"?>
<!-- Generated by org.testng.reporters.JUnitReportReporter -->
<testsuite hostname="LAPTOP-E5A8AHQ4" failures="0" tests="4" name="Screening.Ensek.BuyEnergyPageObjectTest2" time="8.163" errors="1" timestamp="3 Aug 2021 21:12:41 GMT">
  <testcase classname="Screening.Ensek.BuyEnergyPageObjectTest2" name="buyEnergyTest" time="1.481"/>
  <testcase classname="Screening.Ensek.BuyEnergyPageObjectTest2" name="buyEnergyTest" time="1.544"/>
  <testcase classname="Screening.Ensek.BuyEnergyPageObjectTest2" name="buyEnergyTest" time="3.614">
    <error message="No sufficient stock" type="java.lang.AssertionError">
      <![CDATA[java.lang.AssertionError: No sufficient stock
	at org.testng.Assert.fail(Assert.java:94)
	at Screening.Ensek.BuyEnergyPageObjectTest2.buyEnergyTest(BuyEnergyPageObjectTest2.java:52)
	at java.base/jdk.internal.reflect.NativeMethodAccessorImpl.invoke0(Native Method)
	at java.base/jdk.internal.reflect.NativeMethodAccessorImpl.invoke(NativeMethodAccessorImpl.java:64)
	at java.base/jdk.internal.reflect.DelegatingMethodAccessorImpl.invoke(DelegatingMethodAccessorImpl.java:43)
	at java.base/java.lang.reflect.Method.invoke(Method.java:564)
	at org.testng.internal.MethodInvocationHelper.invokeMethod(MethodInvocationHelper.java:80)
	at org.testng.internal.Invoker.invokeMethod(Invoker.java:714)
	at org.testng.internal.Invoker.invokeTestMethod(Invoker.java:901)
	at org.testng.internal.Invoker.invokeTestMethods(Invoker.java:1231)
	at org.testng.internal.TestMethodWorker.invokeTestMethods(TestMethodWorker.java:127)
	at org.testng.internal.TestMethodWorker.run(TestMethodWorker.java:111)
	at org.testng.TestRunner.privateRun(TestRunner.java:767)
	at org.testng.TestRunner.run(TestRunner.java:617)
	at org.testng.SuiteRunner.runTest(SuiteRunner.java:334)
	at org.testng.SuiteRunner.runSequentially(SuiteRunner.java:329)
	at org.testng.SuiteRunner.privateRun(SuiteRunner.java:291)
	at org.testng.SuiteRunner.run(SuiteRunner.java:240)
	at org.testng.SuiteRunnerWorker.runSuite(SuiteRunnerWorker.java:52)
	at org.testng.SuiteRunnerWorker.run(SuiteRunnerWorker.java:86)
	at org.testng.TestNG.runSuitesSequentially(TestNG.java:1198)
	at org.testng.TestNG.runSuitesLocally(TestNG.java:1123)
	at org.testng.TestNG.run(TestNG.java:1031)
	at org.testng.remote.AbstractRemoteTestNG.run(AbstractRemoteTestNG.java:115)
	at org.testng.remote.RemoteTestNG.initAndRun(RemoteTestNG.java:251)
	at org.testng.remote.RemoteTestNG.main(RemoteTestNG.java:77)
]]>
    </error>
  </testcase> <!-- buyEnergyTest -->
  <testcase classname="Screening.Ensek.BuyEnergyPageObjectTest2" name="buyEnergyTest" time="1.524"/>
</testsuite> <!-- Screening.Ensek.BuyEnergyPageObjectTest2 -->
